000176 t main0
000212 T __exit
000302 t chmk
000310 t stack
000314 T _argc
000340 t setseg
000360 T _setseg
000422 T _movc3
000476 T _clrseg
000540 T _main
001252 T _xcom
001406 T _load
002422 T _getargv
003042 T _set
003750 T _ppath
004022 T _sread
004240 T _fgets
004356 T _MKNOD
004666 T _perror
005050 T __filbuf
005360 T _lseek
005610 T __openi
006124 T __sbmap
007426 T __find
007624 T __cond
010004 T __trap
010046 T __devrea
010106 T __devwri
010146 T __devope
010202 T __devclo
010236 T __nullsy
010246 T _ltol3
010312 T _l3tol
010356 T _mount
010670 T _open
012216 T _read
012650 T _strchr
012706 T _strcmp
012750 T _chdir
013076 T _strcpy
013126 T _strncmp
013204 T _strrchr
013242 T __hpstra
014460 T __rpstra
015060 T __rkstra
015456 T ldiv
015740 T aldiv
016246 T _write
017134 T __ttread
020050 T __ttwrit
020114 T __prs
020150 T _strlen
020200 T _strncpy
020266 T _close
020376 T lrem
020634 T _malloc
021322 T _free
021360 T _realloc
021632 T _sbrk
021664 T _brk
021730 T csv
021744 T cret
021762 D __devsw
022004 D __devcnt
022006 D _hp
022020 D _rp
022032 D _rk
022044 D _devname
022600 D _sys_err
022706 D _sys_ner
024550 D __ttstat
025236 D __iob
025476 D __lastbu
025522 B __dtab
025522 D _edata
025616 B __mtab
025636 B __iobuf
035002 B _segflag
035004 B _errno
035006 B _argv
035106 B _argbuf
035506 B __cdir
035510 B __sibuf
036510 B __sobuf
042574 B _end
